<?xml version="1.0" encoding="UTF-8" ?>
<testsuites>
 <testsuite name="OpenEMR_Primary_script" package="OpenEMR.suite" timestamp="2024-07-11 12:32:28.167 -0400"
 tests="1"  failures="1" errors="0" time="155.029000">
  <properties>
   <property name="RunDate" value="2024-07-11 12:32:28.167 -0400"/>
   <property name="Status" value="Failure"/>
  </properties>
  <testcase name="OpenEMR_Primary.script" assertions="2" status="failure"  time="154.957">
    <failure type="FAILURE" message="STUnknownMessage: ERROR: No Such Function: &apos;firstname&apos; -- Execution Time 0:02:35 OpenEMR_Primary.script" />
  </testcase>
 </testsuite>
</testsuites>
